9:05AM 3/21/2020 : INFO : Entering My Security Middlware in handle() at path: / []
9:05AM 3/21/2020 : INFO : Security Middleware in handle() .... No Security Required []
9:05AM 3/21/2020 : INFO : Entering My Security Middlware in handle() at path: welcome []
9:05AM 3/21/2020 : INFO : Security Middleware in handle() .... No Security Required []
9:06AM 3/21/2020 : INFO : Entering My Security Middlware in handle() at path: viewJobs []
9:06AM 3/21/2020 : INFO : Security Middleware in handle() ..... Needs Security []
9:06AM 3/21/2020 : INFO : Leaving My Security Middlware in handle() doing a redirect back to login []
9:06AM 3/21/2020 : INFO : Entering My Security Middlware in handle() at path: welcome []
9:06AM 3/21/2020 : INFO : Security Middleware in handle() .... No Security Required []
9:06AM 3/21/2020 : INFO : Entering My Security Middlware in handle() at path: login []
9:06AM 3/21/2020 : INFO : Security Middleware in handle() .... No Security Required []
9:06AM 3/21/2020 : INFO : Entering My Security Middlware in handle() at path: logout []
9:06AM 3/21/2020 : INFO : Security Middleware in handle() .... No Security Required []
9:06AM 3/21/2020 : INFO : Entering My Security Middlware in handle() at path: logout []
9:06AM 3/21/2020 : INFO : Security Middleware in handle() ..... Needs Security []
9:06AM 3/21/2020 : INFO : Leaving My Security Middlware in handle() doing a redirect back to login []
9:06AM 3/21/2020 : INFO : Entering My Security Middlware in handle() at path: welcome []
9:06AM 3/21/2020 : INFO : Security Middleware in handle() .... No Security Required []
9:06AM 3/21/2020 : INFO : Entering My Security Middlware in handle() at path: login []
9:06AM 3/21/2020 : INFO : Security Middleware in handle() .... No Security Required []
9:06AM 3/21/2020 : INFO : Entering My Security Middlware in handle() at path: welcome []
9:06AM 3/21/2020 : INFO : Security Middleware in handle() .... No Security Required []
9:06AM 3/21/2020 : INFO : Entering My Security Middlware in handle() at path: login []
9:06AM 3/21/2020 : INFO : Security Middleware in handle() .... No Security Required []
9:06AM 3/21/2020 : INFO : Entering My Security Middlware in handle() at path: welcome []
9:06AM 3/21/2020 : INFO : Security Middleware in handle() .... No Security Required []
9:06AM 3/21/2020 : INFO : Entering My Security Middlware in handle() at path: login []
9:06AM 3/21/2020 : INFO : Security Middleware in handle() .... No Security Required []
9:06AM 3/21/2020 : INFO : Entering My Security Middlware in handle() at path: displayUsers []
9:06AM 3/21/2020 : INFO : Security Middleware in handle() .... No Security Required []
9:07AM 3/21/2020 : INFO : Entering My Security Middlware in handle() at path: viewJobs []
9:07AM 3/21/2020 : INFO : Security Middleware in handle() .... No Security Required []
9:07AM 3/21/2020 : INFO : Entering My Security Middlware in handle() at path: viewInterestGroups []
9:07AM 3/21/2020 : INFO : Security Middleware in handle() .... No Security Required []
9:07AM 3/21/2020 : INFO : Entering My Security Middlware in handle() at path: myportfolio []
9:07AM 3/21/2020 : INFO : Security Middleware in handle() .... No Security Required []
9:23AM 3/21/2020 : INFO : Entering My Security Middlware in handle() at path: logout []
9:23AM 3/21/2020 : INFO : Security Middleware in handle() .... No Security Required []
9:23AM 3/21/2020 : INFO : Entering My Security Middlware in handle() at path: registration []
9:23AM 3/21/2020 : INFO : Security Middleware in handle() .... No Security Required []
10:06AM 3/21/2020 : INFO : Entering My Security Middlware in handle() at path: welcome []
10:06AM 3/21/2020 : INFO : Security Middleware in handle() .... No Security Required []
10:06AM 3/21/2020 : INFO : Entering My Security Middlware in handle() at path: login []
10:06AM 3/21/2020 : INFO : Security Middleware in handle() .... No Security Required []
10:06AM 3/21/2020 : INFO : Entering My Security Middlware in handle() at path: viewJobs []
10:06AM 3/21/2020 : INFO : Security Middleware in handle() .... No Security Required []
10:06AM 3/21/2020 : INFO : Entering My Security Middlware in handle() at path: viewEditJob []
10:06AM 3/21/2020 : INFO : Security Middleware in handle() .... No Security Required []
10:06AM 3/21/2020 : INFO : Entering My Security Middlware in handle() at path: editJobPost []
10:06AM 3/21/2020 : INFO : Security Middleware in handle() .... No Security Required []
10:06AM 3/21/2020 : INFO : Entering My Security Middlware in handle() at path: viewEditJob []
10:06AM 3/21/2020 : INFO : Security Middleware in handle() .... No Security Required []
10:06AM 3/21/2020 : INFO : Entering My Security Middlware in handle() at path: editJobPost []
10:06AM 3/21/2020 : INFO : Security Middleware in handle() .... No Security Required []
10:22AM 3/21/2020 : INFO : Entering My Security Middlware in handle() at path: viewEditJob []
10:22AM 3/21/2020 : INFO : Security Middleware in handle() .... No Security Required []
10:23AM 3/21/2020 : INFO : Entering My Security Middlware in handle() at path: editJobPost []
10:23AM 3/21/2020 : INFO : Security Middleware in handle() .... No Security Required []
10:23AM 3/21/2020 : INFO : Entering My Security Middlware in handle() at path: viewEditJob []
10:23AM 3/21/2020 : INFO : Security Middleware in handle() .... No Security Required []
10:23AM 3/21/2020 : INFO : Entering My Security Middlware in handle() at path: editJobPost []
10:23AM 3/21/2020 : INFO : Security Middleware in handle() .... No Security Required []
10:40AM 3/21/2020 : INFO : Entering My Security Middlware in handle() at path: myportfolio []
10:40AM 3/21/2020 : INFO : Security Middleware in handle() .... No Security Required []
10:40AM 3/21/2020 : INFO : Entering My Security Middlware in handle() at path: addSkillHistory []
10:40AM 3/21/2020 : INFO : Security Middleware in handle() .... No Security Required []
10:40AM 3/21/2020 : INFO : Entering My Security Middlware in handle() at path: addSkill []
10:40AM 3/21/2020 : INFO : Security Middleware in handle() .... No Security Required []
10:41AM 3/21/2020 : INFO : Entering My Security Middlware in handle() at path: viewJobs []
10:41AM 3/21/2020 : INFO : Security Middleware in handle() .... No Security Required []
10:42AM 3/21/2020 : INFO : Entering My Security Middlware in handle() at path: jobPost []
10:42AM 3/21/2020 : INFO : Security Middleware in handle() .... No Security Required []
10:42AM 3/21/2020 : INFO : Entering My Security Middlware in handle() at path: addJobPost []
10:42AM 3/21/2020 : INFO : Security Middleware in handle() .... No Security Required []
11:32AM 3/21/2020 : INFO : Entering My Security Middlware in handle() at path: viewInterestGroups []
11:32AM 3/21/2020 : INFO : Security Middleware in handle() .... No Security Required []
11:32AM 3/21/2020 : INFO : Entering My Security Middlware in handle() at path: myportfolio []
11:32AM 3/21/2020 : INFO : Security Middleware in handle() .... No Security Required []
11:32AM 3/21/2020 : INFO : Entering My Security Middlware in handle() at path: addSkillHistory []
11:32AM 3/21/2020 : INFO : Security Middleware in handle() .... No Security Required []
11:32AM 3/21/2020 : INFO : Entering My Security Middlware in handle() at path: addSkill []
11:32AM 3/21/2020 : INFO : Security Middleware in handle() .... No Security Required []
11:32AM 3/21/2020 : INFO : Entering My Security Middlware in handle() at path: addSkillHistory []
11:32AM 3/21/2020 : INFO : Security Middleware in handle() .... No Security Required []
11:33AM 3/21/2020 : INFO : Entering My Security Middlware in handle() at path: addSkill []
11:33AM 3/21/2020 : INFO : Security Middleware in handle() .... No Security Required []
11:33AM 3/21/2020 : INFO : Entering My Security Middlware in handle() at path: addSkillHistory []
11:33AM 3/21/2020 : INFO : Security Middleware in handle() .... No Security Required []
11:33AM 3/21/2020 : INFO : Entering My Security Middlware in handle() at path: addSkill []
11:33AM 3/21/2020 : INFO : Security Middleware in handle() .... No Security Required []
11:41AM 3/21/2020 : INFO : Entering My Security Middlware in handle() at path: viewJobs []
11:41AM 3/21/2020 : INFO : Security Middleware in handle() .... No Security Required []
11:41AM 3/21/2020 : INFO : Entering My Security Middlware in handle() at path: viewEditJob []
11:41AM 3/21/2020 : INFO : Security Middleware in handle() .... No Security Required []
11:41AM 3/21/2020 : INFO : Entering My Security Middlware in handle() at path: editJobPost []
11:41AM 3/21/2020 : INFO : Security Middleware in handle() .... No Security Required []
1:42AM 3/22/2020 : INFO : Entering My Security Middlware in handle() at path: myportfolio []
1:42AM 3/22/2020 : INFO : Security Middleware in handle() ..... Needs Security []
1:42AM 3/22/2020 : INFO : Leaving My Security Middlware in handle() doing a redirect back to login []
1:42AM 3/22/2020 : INFO : Entering My Security Middlware in handle() at path: welcome []
1:42AM 3/22/2020 : INFO : Security Middleware in handle() .... No Security Required []
1:42AM 3/22/2020 : INFO : Entering My Security Middlware in handle() at path: login []
1:42AM 3/22/2020 : INFO : Security Middleware in handle() .... No Security Required []
1:42AM 3/22/2020 : INFO : Entering My Security Middlware in handle() at path: myportfolio []
1:42AM 3/22/2020 : INFO : Security Middleware in handle() .... No Security Required []
1:44AM 3/22/2020 : INFO : Entering My Security Middlware in handle() at path: addSkillHistory []
1:44AM 3/22/2020 : INFO : Security Middleware in handle() .... No Security Required []
1:44AM 3/22/2020 : INFO : Entering My Security Middlware in handle() at path: addSkill []
1:44AM 3/22/2020 : INFO : Security Middleware in handle() .... No Security Required []
1:44AM 3/22/2020 : INFO : Entering My Security Middlware in handle() at path: addSkillHistory []
1:44AM 3/22/2020 : INFO : Security Middleware in handle() .... No Security Required []
1:48AM 3/22/2020 : INFO : Entering My Security Middlware in handle() at path: viewInterestGroups []
1:48AM 3/22/2020 : INFO : Security Middleware in handle() .... No Security Required []
2:06AM 3/22/2020 : INFO : Entering My Security Middlware in handle() at path: myportfolio []
2:06AM 3/22/2020 : INFO : Security Middleware in handle() .... No Security Required []
2:06AM 3/22/2020 : INFO : Entering My Security Middlware in handle() at path: addSkillHistory []
2:06AM 3/22/2020 : INFO : Security Middleware in handle() .... No Security Required []
2:06AM 3/22/2020 : INFO : Entering My Security Middlware in handle() at path: addSkill []
2:06AM 3/22/2020 : INFO : Security Middleware in handle() .... No Security Required []
2:07AM 3/22/2020 : INFO : Entering My Security Middlware in handle() at path: userRouteSkillEdit []
2:07AM 3/22/2020 : INFO : Security Middleware in handle() .... No Security Required []
2:07AM 3/22/2020 : INFO : Entering My Security Middlware in handle() at path: editSkill []
2:07AM 3/22/2020 : INFO : Security Middleware in handle() .... No Security Required []
3:08AM 3/22/2020 : INFO : Entering My Security Middlware in handle() at path: / []
3:08AM 3/22/2020 : INFO : Security Middleware in handle() .... No Security Required []
3:08AM 3/22/2020 : INFO : Entering My Security Middlware in handle() at path: welcome []
3:08AM 3/22/2020 : INFO : Security Middleware in handle() .... No Security Required []
3:08AM 3/22/2020 : INFO : Entering My Security Middlware in handle() at path: login []
3:08AM 3/22/2020 : INFO : Security Middleware in handle() .... No Security Required []
3:08AM 3/22/2020 : INFO : Entering My Security Middlware in handle() at path: login []
3:08AM 3/22/2020 : INFO : Security Middleware in handle() .... No Security Required []
3:08AM 3/22/2020 : INFO : Entering My Security Middlware in handle() at path: logout []
3:08AM 3/22/2020 : INFO : Security Middleware in handle() .... No Security Required []
3:08AM 3/22/2020 : INFO : Entering My Security Middlware in handle() at path: welcome []
3:08AM 3/22/2020 : INFO : Security Middleware in handle() .... No Security Required []
3:08AM 3/22/2020 : INFO : Entering My Security Middlware in handle() at path: login []
3:08AM 3/22/2020 : INFO : Security Middleware in handle() .... No Security Required []
3:08AM 3/22/2020 : INFO : Entering My Security Middlware in handle() at path: logout []
3:08AM 3/22/2020 : INFO : Security Middleware in handle() .... No Security Required []
3:08AM 3/22/2020 : INFO : Entering My Security Middlware in handle() at path: welcome []
3:08AM 3/22/2020 : INFO : Security Middleware in handle() .... No Security Required []
3:08AM 3/22/2020 : INFO : Entering My Security Middlware in handle() at path: login []
3:08AM 3/22/2020 : INFO : Security Middleware in handle() .... No Security Required []
3:08AM 3/22/2020 : INFO : Entering My Security Middlware in handle() at path: myportfolio []
3:08AM 3/22/2020 : INFO : Security Middleware in handle() .... No Security Required []
10:24AM 3/22/2020 : INFO : Entering My Security Middlware in handle() at path: viewJobs []
10:24AM 3/22/2020 : INFO : Security Middleware in handle() .... No Security Required []
10:24AM 3/22/2020 : INFO : Entering My Security Middlware in handle() at path: displayUsers []
10:24AM 3/22/2020 : INFO : Security Middleware in handle() .... No Security Required []
10:25AM 3/22/2020 : INFO : Entering My Security Middlware in handle() at path: viewJobs []
10:25AM 3/22/2020 : INFO : Security Middleware in handle() .... No Security Required []
10:25AM 3/22/2020 : INFO : Entering My Security Middlware in handle() at path: home []
10:25AM 3/22/2020 : INFO : Security Middleware in handle() .... No Security Required []
10:25AM 3/22/2020 : INFO : Entering My Security Middlware in handle() at path: viewJobs []
10:25AM 3/22/2020 : INFO : Security Middleware in handle() .... No Security Required []
10:25AM 3/22/2020 : INFO : Entering My Security Middlware in handle() at path: viewJobs []
10:25AM 3/22/2020 : INFO : Security Middleware in handle() .... No Security Required []
10:25AM 3/22/2020 : INFO : Entering My Security Middlware in handle() at path: searchJobs []
10:25AM 3/22/2020 : INFO : Security Middleware in handle() .... No Security Required []
10:25AM 3/22/2020 : INFO : Entering My Security Middlware in handle() at path: viewJobs []
10:25AM 3/22/2020 : INFO : Security Middleware in handle() .... No Security Required []
10:25AM 3/22/2020 : INFO : Entering My Security Middlware in handle() at path: home []
10:25AM 3/22/2020 : INFO : Security Middleware in handle() .... No Security Required []
10:25AM 3/22/2020 : INFO : Entering My Security Middlware in handle() at path: searchJobs []
10:25AM 3/22/2020 : INFO : Security Middleware in handle() .... No Security Required []
10:25AM 3/22/2020 : INFO : Entering My Security Middlware in handle() at path: home []
10:25AM 3/22/2020 : INFO : Security Middleware in handle() .... No Security Required []
10:26AM 3/22/2020 : INFO : Entering My Security Middlware in handle() at path: viewJobs []
10:26AM 3/22/2020 : INFO : Security Middleware in handle() .... No Security Required []
10:26AM 3/22/2020 : INFO : Entering My Security Middlware in handle() at path: viewEditJob []
10:26AM 3/22/2020 : INFO : Security Middleware in handle() .... No Security Required []
10:26AM 3/22/2020 : INFO : Entering My Security Middlware in handle() at path: searchJobs []
10:26AM 3/22/2020 : INFO : Security Middleware in handle() .... No Security Required []
10:26AM 3/22/2020 : INFO : Entering My Security Middlware in handle() at path: searchJobs []
10:26AM 3/22/2020 : INFO : Security Middleware in handle() .... No Security Required []
10:26AM 3/22/2020 : INFO : Entering My Security Middlware in handle() at path: home []
10:26AM 3/22/2020 : INFO : Security Middleware in handle() .... No Security Required []
10:26AM 3/22/2020 : INFO : Entering My Security Middlware in handle() at path: searchJobs []
10:26AM 3/22/2020 : INFO : Security Middleware in handle() .... No Security Required []
10:26AM 3/22/2020 : INFO : Entering My Security Middlware in handle() at path: home []
10:26AM 3/22/2020 : INFO : Security Middleware in handle() .... No Security Required []
10:26AM 3/22/2020 : INFO : Entering My Security Middlware in handle() at path: home []
10:26AM 3/22/2020 : INFO : Security Middleware in handle() .... No Security Required []
10:26AM 3/22/2020 : INFO : Entering My Security Middlware in handle() at path: searchJobs []
10:26AM 3/22/2020 : INFO : Security Middleware in handle() .... No Security Required []
10:26AM 3/22/2020 : INFO : Entering My Security Middlware in handle() at path: home []
10:26AM 3/22/2020 : INFO : Security Middleware in handle() .... No Security Required []
10:26AM 3/22/2020 : INFO : Entering My Security Middlware in handle() at path: searchJobs []
10:26AM 3/22/2020 : INFO : Security Middleware in handle() .... No Security Required []
10:26AM 3/22/2020 : INFO : Entering My Security Middlware in handle() at path: searchJobs []
10:26AM 3/22/2020 : INFO : Security Middleware in handle() .... No Security Required []
10:26AM 3/22/2020 : INFO : Entering My Security Middlware in handle() at path: searchJobs []
10:26AM 3/22/2020 : INFO : Security Middleware in handle() .... No Security Required []
10:26AM 3/22/2020 : INFO : Entering My Security Middlware in handle() at path: searchJobs []
10:26AM 3/22/2020 : INFO : Security Middleware in handle() .... No Security Required []
10:27AM 3/22/2020 : INFO : Entering My Security Middlware in handle() at path: searchJobs []
10:27AM 3/22/2020 : INFO : Security Middleware in handle() .... No Security Required []
10:28AM 3/22/2020 : INFO : Entering My Security Middlware in handle() at path: home []
10:28AM 3/22/2020 : INFO : Security Middleware in handle() .... No Security Required []
10:28AM 3/22/2020 : INFO : Entering My Security Middlware in handle() at path: searchJobs []
10:28AM 3/22/2020 : INFO : Security Middleware in handle() .... No Security Required []
10:28AM 3/22/2020 : INFO : Entering My Security Middlware in handle() at path: home []
10:28AM 3/22/2020 : INFO : Security Middleware in handle() .... No Security Required []
10:28AM 3/22/2020 : INFO : Entering My Security Middlware in handle() at path: home []
10:28AM 3/22/2020 : INFO : Security Middleware in handle() .... No Security Required []
10:28AM 3/22/2020 : INFO : Entering My Security Middlware in handle() at path: searchJobs []
10:28AM 3/22/2020 : INFO : Security Middleware in handle() .... No Security Required []
10:28AM 3/22/2020 : INFO : Entering My Security Middlware in handle() at path: home []
10:28AM 3/22/2020 : INFO : Security Middleware in handle() .... No Security Required []
10:28AM 3/22/2020 : INFO : Entering My Security Middlware in handle() at path: viewInterestGroups []
10:28AM 3/22/2020 : INFO : Security Middleware in handle() .... No Security Required []
10:28AM 3/22/2020 : INFO : Entering My Security Middlware in handle() at path: viewInterestGroup []
10:28AM 3/22/2020 : INFO : Security Middleware in handle() .... No Security Required []
10:28AM 3/22/2020 : INFO : Entering My Security Middlware in handle() at path: displayUsers []
10:28AM 3/22/2020 : INFO : Security Middleware in handle() .... No Security Required []
10:29AM 3/22/2020 : INFO : Entering My Security Middlware in handle() at path: myportfolio []
10:29AM 3/22/2020 : INFO : Security Middleware in handle() .... No Security Required []
10:29AM 3/22/2020 : INFO : Entering My Security Middlware in handle() at path: viewInterestGroups []
10:29AM 3/22/2020 : INFO : Security Middleware in handle() .... No Security Required []
10:29AM 3/22/2020 : INFO : Entering My Security Middlware in handle() at path: viewInterestGroup []
10:29AM 3/22/2020 : INFO : Security Middleware in handle() .... No Security Required []
10:29AM 3/22/2020 : INFO : Entering My Security Middlware in handle() at path: joinInterestGroup []
10:29AM 3/22/2020 : INFO : Security Middleware in handle() .... No Security Required []
10:29AM 3/22/2020 : INFO : Entering My Security Middlware in handle() at path: searchJobs []
10:29AM 3/22/2020 : INFO : Security Middleware in handle() .... No Security Required []
10:30AM 3/22/2020 : INFO : Entering My Security Middlware in handle() at path: displayUsers []
10:30AM 3/22/2020 : INFO : Security Middleware in handle() .... No Security Required []
10:30AM 3/22/2020 : INFO : Entering My Security Middlware in handle() at path: searchJobs []
10:30AM 3/22/2020 : INFO : Security Middleware in handle() .... No Security Required []
10:30AM 3/22/2020 : INFO : Entering My Security Middlware in handle() at path: displayUsers []
10:30AM 3/22/2020 : INFO : Security Middleware in handle() .... No Security Required []
10:30AM 3/22/2020 : INFO : Entering My Security Middlware in handle() at path: displayUsers []
10:30AM 3/22/2020 : INFO : Security Middleware in handle() .... No Security Required []
10:30AM 3/22/2020 : INFO : Entering My Security Middlware in handle() at path: searchJobs []
10:30AM 3/22/2020 : INFO : Security Middleware in handle() .... No Security Required []
10:30AM 3/22/2020 : INFO : Entering My Security Middlware in handle() at path: displayUsers []
10:30AM 3/22/2020 : INFO : Security Middleware in handle() .... No Security Required []
10:30AM 3/22/2020 : INFO : Entering My Security Middlware in handle() at path: viewProfile []
10:30AM 3/22/2020 : INFO : Security Middleware in handle() .... No Security Required []
10:30AM 3/22/2020 : INFO : Entering My Security Middlware in handle() at path: searchJobs []
10:30AM 3/22/2020 : INFO : Security Middleware in handle() .... No Security Required []
10:30AM 3/22/2020 : INFO : Entering My Security Middlware in handle() at path: displayUsers []
10:30AM 3/22/2020 : INFO : Security Middleware in handle() .... No Security Required []
10:30AM 3/22/2020 : INFO : Entering My Security Middlware in handle() at path: displayUsers []
10:30AM 3/22/2020 : INFO : Security Middleware in handle() .... No Security Required []
10:30AM 3/22/2020 : INFO : Entering My Security Middlware in handle() at path: searchJobs []
10:30AM 3/22/2020 : INFO : Security Middleware in handle() .... No Security Required []
10:31AM 3/22/2020 : INFO : Entering My Security Middlware in handle() at path: home []
10:31AM 3/22/2020 : INFO : Security Middleware in handle() .... No Security Required []
10:31AM 3/22/2020 : INFO : Entering My Security Middlware in handle() at path: searchJobs []
10:31AM 3/22/2020 : INFO : Security Middleware in handle() .... No Security Required []
10:31AM 3/22/2020 : INFO : Entering My Security Middlware in handle() at path: searchJobs []
10:31AM 3/22/2020 : INFO : Security Middleware in handle() .... No Security Required []
10:31AM 3/22/2020 : INFO : Entering My Security Middlware in handle() at path: home []
10:31AM 3/22/2020 : INFO : Security Middleware in handle() .... No Security Required []
10:31AM 3/22/2020 : INFO : Entering My Security Middlware in handle() at path: searchJobs []
10:31AM 3/22/2020 : INFO : Security Middleware in handle() .... No Security Required []
10:31AM 3/22/2020 : INFO : Entering My Security Middlware in handle() at path: home []
10:31AM 3/22/2020 : INFO : Security Middleware in handle() .... No Security Required []
10:31AM 3/22/2020 : INFO : Entering My Security Middlware in handle() at path: searchJobs []
10:31AM 3/22/2020 : INFO : Security Middleware in handle() .... No Security Required []
10:31AM 3/22/2020 : INFO : Entering My Security Middlware in handle() at path: home []
10:31AM 3/22/2020 : INFO : Security Middleware in handle() .... No Security Required []
10:31AM 3/22/2020 : INFO : Entering My Security Middlware in handle() at path: home []
10:31AM 3/22/2020 : INFO : Security Middleware in handle() .... No Security Required []
10:31AM 3/22/2020 : INFO : Entering My Security Middlware in handle() at path: searchJobs []
10:31AM 3/22/2020 : INFO : Security Middleware in handle() .... No Security Required []
10:31AM 3/22/2020 : INFO : Entering My Security Middlware in handle() at path: home []
10:31AM 3/22/2020 : INFO : Security Middleware in handle() .... No Security Required []
10:31AM 3/22/2020 : INFO : Entering My Security Middlware in handle() at path: displayUsers []
10:31AM 3/22/2020 : INFO : Security Middleware in handle() .... No Security Required []
10:31AM 3/22/2020 : INFO : Entering My Security Middlware in handle() at path: searchJobs []
10:31AM 3/22/2020 : INFO : Security Middleware in handle() .... No Security Required []
10:31AM 3/22/2020 : INFO : Entering My Security Middlware in handle() at path: displayUsers []
10:31AM 3/22/2020 : INFO : Security Middleware in handle() .... No Security Required []
10:31AM 3/22/2020 : INFO : Entering My Security Middlware in handle() at path: viewJobs []
10:31AM 3/22/2020 : INFO : Security Middleware in handle() .... No Security Required []
10:31AM 3/22/2020 : INFO : Entering My Security Middlware in handle() at path: searchJobs []
10:31AM 3/22/2020 : INFO : Security Middleware in handle() .... No Security Required []
10:31AM 3/22/2020 : INFO : Entering My Security Middlware in handle() at path: viewJobs []
10:31AM 3/22/2020 : INFO : Security Middleware in handle() .... No Security Required []
10:32AM 3/22/2020 : INFO : Entering My Security Middlware in handle() at path: home []
10:32AM 3/22/2020 : INFO : Security Middleware in handle() .... No Security Required []
10:32AM 3/22/2020 : INFO : Entering My Security Middlware in handle() at path: searchJobs []
10:32AM 3/22/2020 : INFO : Security Middleware in handle() .... No Security Required []
10:32AM 3/22/2020 : INFO : Entering My Security Middlware in handle() at path: home []
10:32AM 3/22/2020 : INFO : Security Middleware in handle() .... No Security Required []
10:32AM 3/22/2020 : INFO : Entering My Security Middlware in handle() at path: viewJobs []
10:32AM 3/22/2020 : INFO : Security Middleware in handle() .... No Security Required []
10:32AM 3/22/2020 : INFO : Entering My Security Middlware in handle() at path: searchJobs []
10:32AM 3/22/2020 : INFO : Security Middleware in handle() .... No Security Required []
10:32AM 3/22/2020 : INFO : Entering My Security Middlware in handle() at path: viewJobs []
10:32AM 3/22/2020 : INFO : Security Middleware in handle() .... No Security Required []
10:32AM 3/22/2020 : INFO : Entering My Security Middlware in handle() at path: viewJobs []
10:32AM 3/22/2020 : INFO : Security Middleware in handle() .... No Security Required []
10:32AM 3/22/2020 : INFO : Entering My Security Middlware in handle() at path: searchJobs []
10:32AM 3/22/2020 : INFO : Security Middleware in handle() .... No Security Required []
10:33AM 3/22/2020 : INFO : Entering My Security Middlware in handle() at path: searchJobs []
10:33AM 3/22/2020 : INFO : Security Middleware in handle() .... No Security Required []
10:33AM 3/22/2020 : INFO : Entering My Security Middlware in handle() at path: searchJobs []
10:33AM 3/22/2020 : INFO : Security Middleware in handle() .... No Security Required []
10:33AM 3/22/2020 : INFO : Entering My Security Middlware in handle() at path: viewJob []
10:33AM 3/22/2020 : INFO : Security Middleware in handle() .... No Security Required []
10:34AM 3/22/2020 : INFO : Entering My Security Middlware in handle() at path: searchJobs []
10:34AM 3/22/2020 : INFO : Security Middleware in handle() .... No Security Required []
10:34AM 3/22/2020 : INFO : Entering My Security Middlware in handle() at path: searchJobs []
10:34AM 3/22/2020 : INFO : Security Middleware in handle() .... No Security Required []
10:34AM 3/22/2020 : INFO : Entering My Security Middlware in handle() at path: searchJobs []
10:34AM 3/22/2020 : INFO : Security Middleware in handle() .... No Security Required []
10:34AM 3/22/2020 : INFO : Entering My Security Middlware in handle() at path: searchJobs []
10:34AM 3/22/2020 : INFO : Security Middleware in handle() .... No Security Required []
10:34AM 3/22/2020 : INFO : Entering My Security Middlware in handle() at path: searchJobs []
10:34AM 3/22/2020 : INFO : Security Middleware in handle() .... No Security Required []
10:34AM 3/22/2020 : INFO : Entering My Security Middlware in handle() at path: searchJobs []
10:34AM 3/22/2020 : INFO : Security Middleware in handle() .... No Security Required []
10:34AM 3/22/2020 : INFO : Entering My Security Middlware in handle() at path: searchJobs []
10:34AM 3/22/2020 : INFO : Security Middleware in handle() .... No Security Required []
10:34AM 3/22/2020 : INFO : Entering My Security Middlware in handle() at path: searchJobs []
10:34AM 3/22/2020 : INFO : Security Middleware in handle() .... No Security Required []
10:34AM 3/22/2020 : INFO : Entering My Security Middlware in handle() at path: viewJobs []
10:34AM 3/22/2020 : INFO : Security Middleware in handle() .... No Security Required []
10:35AM 3/22/2020 : INFO : Entering My Security Middlware in handle() at path: searchJobs []
10:35AM 3/22/2020 : INFO : Security Middleware in handle() .... No Security Required []
10:35AM 3/22/2020 : INFO : Entering My Security Middlware in handle() at path: searchJobs []
10:35AM 3/22/2020 : INFO : Security Middleware in handle() .... No Security Required []
10:38AM 3/22/2020 : INFO : Entering My Security Middlware in handle() at path: searchJobs []
10:38AM 3/22/2020 : INFO : Security Middleware in handle() .... No Security Required []
10:38AM 3/22/2020 : INFO : Entering My Security Middlware in handle() at path: viewInterestGroups []
10:38AM 3/22/2020 : INFO : Security Middleware in handle() .... No Security Required []
10:38AM 3/22/2020 : INFO : Entering My Security Middlware in handle() at path: myportfolio []
10:38AM 3/22/2020 : INFO : Security Middleware in handle() .... No Security Required []
10:38AM 3/22/2020 : INFO : Entering My Security Middlware in handle() at path: viewInterestGroups []
10:38AM 3/22/2020 : INFO : Security Middleware in handle() .... No Security Required []
10:38AM 3/22/2020 : INFO : Entering My Security Middlware in handle() at path: searchJobs []
10:38AM 3/22/2020 : INFO : Security Middleware in handle() .... No Security Required []
10:38AM 3/22/2020 : INFO : Entering My Security Middlware in handle() at path: viewInterestGroups []
10:38AM 3/22/2020 : INFO : Security Middleware in handle() .... No Security Required []
10:38AM 3/22/2020 : INFO : Entering My Security Middlware in handle() at path: viewJobs []
10:38AM 3/22/2020 : INFO : Security Middleware in handle() .... No Security Required []
10:39AM 3/22/2020 : INFO : Entering My Security Middlware in handle() at path: searchJobs []
10:39AM 3/22/2020 : INFO : Security Middleware in handle() .... No Security Required []
10:39AM 3/22/2020 : INFO : Entering My Security Middlware in handle() at path: viewJobs []
10:39AM 3/22/2020 : INFO : Security Middleware in handle() .... No Security Required []
10:39AM 3/22/2020 : INFO : Entering My Security Middlware in handle() at path: viewEditJob []
10:39AM 3/22/2020 : INFO : Security Middleware in handle() .... No Security Required []
10:39AM 3/22/2020 : INFO : Entering My Security Middlware in handle() at path: searchJobs []
10:39AM 3/22/2020 : INFO : Security Middleware in handle() .... No Security Required []
10:41AM 3/22/2020 : INFO : Entering My Security Middlware in handle() at path: viewEditJob []
10:41AM 3/22/2020 : INFO : Security Middleware in handle() .... No Security Required []
10:42AM 3/22/2020 : INFO : Entering My Security Middlware in handle() at path: searchJobs []
10:42AM 3/22/2020 : INFO : Security Middleware in handle() .... No Security Required []
10:42AM 3/22/2020 : INFO : Entering My Security Middlware in handle() at path: viewEditJob []
10:42AM 3/22/2020 : INFO : Security Middleware in handle() .... No Security Required []
10:42AM 3/22/2020 : INFO : Entering My Security Middlware in handle() at path: searchJobs []
10:42AM 3/22/2020 : INFO : Security Middleware in handle() .... No Security Required []
10:42AM 3/22/2020 : INFO : Entering My Security Middlware in handle() at path: searchJobs []
10:42AM 3/22/2020 : INFO : Security Middleware in handle() .... No Security Required []
10:42AM 3/22/2020 : INFO : Entering My Security Middlware in handle() at path: viewInterestGroups []
10:42AM 3/22/2020 : INFO : Security Middleware in handle() .... No Security Required []
10:42AM 3/22/2020 : INFO : Entering My Security Middlware in handle() at path: searchJobs []
10:42AM 3/22/2020 : INFO : Security Middleware in handle() .... No Security Required []
10:42AM 3/22/2020 : INFO : Entering My Security Middlware in handle() at path: viewInterestGroups []
10:42AM 3/22/2020 : INFO : Security Middleware in handle() .... No Security Required []
10:42AM 3/22/2020 : INFO : Entering My Security Middlware in handle() at path: editInterestGroupForm []
10:42AM 3/22/2020 : INFO : Security Middleware in handle() .... No Security Required []
10:42AM 3/22/2020 : INFO : Entering My Security Middlware in handle() at path: searchJobs []
10:42AM 3/22/2020 : INFO : Security Middleware in handle() .... No Security Required []
10:43AM 3/22/2020 : INFO : Entering My Security Middlware in handle() at path: userRouteJobEdit []
10:43AM 3/22/2020 : INFO : Security Middleware in handle() .... No Security Required []
10:43AM 3/22/2020 : INFO : Entering My Security Middlware in handle() at path: searchJobs []
10:43AM 3/22/2020 : INFO : Security Middleware in handle() .... No Security Required []
10:44AM 3/22/2020 : INFO : Entering My Security Middlware in handle() at path: myportfolio []
10:44AM 3/22/2020 : INFO : Security Middleware in handle() .... No Security Required []
10:44AM 3/22/2020 : INFO : Entering My Security Middlware in handle() at path: searchJobs []
10:44AM 3/22/2020 : INFO : Security Middleware in handle() .... No Security Required []
10:44AM 3/22/2020 : INFO : Entering My Security Middlware in handle() at path: myportfolio []
10:44AM 3/22/2020 : INFO : Security Middleware in handle() .... No Security Required []
10:44AM 3/22/2020 : INFO : Entering My Security Middlware in handle() at path: viewJobs []
10:44AM 3/22/2020 : INFO : Security Middleware in handle() .... No Security Required []
10:44AM 3/22/2020 : INFO : Entering My Security Middlware in handle() at path: viewEditJob []
10:44AM 3/22/2020 : INFO : Security Middleware in handle() .... No Security Required []
10:44AM 3/22/2020 : INFO : Entering My Security Middlware in handle() at path: searchJobs []
10:44AM 3/22/2020 : INFO : Security Middleware in handle() .... No Security Required []
10:44AM 3/22/2020 : INFO : Entering My Security Middlware in handle() at path: viewEditJob []
10:44AM 3/22/2020 : INFO : Security Middleware in handle() .... No Security Required []
10:45AM 3/22/2020 : INFO : Entering My Security Middlware in handle() at path: searchJobs []
10:45AM 3/22/2020 : INFO : Security Middleware in handle() .... No Security Required []
